<?xml version="1.0" encoding="UTF-8"?>
<testng-results skipped="0" failed="0" ignored="0" total="1" passed="1">
  <reporter-output>
  </reporter-output>
  <suite name="Default suite" duration-ms="18673" started-at="2020-04-11T17:43:54 BST" finished-at="2020-04-11T17:44:13 BST">
    <groups>
    </groups>
    <test name="Default test" duration-ms="18673" started-at="2020-04-11T17:43:54 BST" finished-at="2020-04-11T17:44:13 BST">
      <class name="com.bbc.regression.LoginTest">
        <test-method status="PASS" signature="login()[pri:0, instance:com.bbc.regression.LoginTest@3a883ce7]" name="login" duration-ms="18620" started-at="2020-04-11T17:43:54 BST" finished-at="2020-04-11T17:44:13 BST">
          <reporter-output>
          </reporter-output>
        </test-method> <!-- login -->
      </class> <!-- com.bbc.regression.LoginTest -->
    </test> <!-- Default test -->
  </suite> <!-- Default suite -->
</testng-results>
